<?xml version="1.0" encoding="UTF-8"?>
<testsuite name="pl.edu.pbs.zwinnebackend.ProjektServiceTest" tests="2" skipped="0" failures="0" errors="0" timestamp="2026-06-02T10:36:54" hostname="teapocik-Aspire-A315-24P" time="0.442">
  <properties/>
  <testcase name="getAllProjects_AsLecturer_ReturnsAll()" classname="pl.edu.pbs.zwinnebackend.ProjektServiceTest" time="0.428"/>
  <testcase name="getAllProjects_AsStudent_ReturnsAssignedOnly()" classname="pl.edu.pbs.zwinnebackend.ProjektServiceTest" time="0.012"/>
  <system-out><![CDATA[]]></system-out>
  <system-err><![CDATA[]]></system-err>
</testsuite>
