<?xml version="1.0" encoding="UTF-8"?>
<testsuite name="pl.edu.pbs.zwinnebackend.ProjektServiceTest" tests="2" skipped="0" failures="0" errors="0" timestamp="2026-06-28T16:44:46" hostname="DESKTOP-UEP4BRI" time="1.04">
  <properties/>
  <testcase name="getAllProjects_AsLecturer_ReturnsAll()" classname="pl.edu.pbs.zwinnebackend.ProjektServiceTest" time="1.018"/>
  <testcase name="getAllProjects_AsStudent_ReturnsAssignedOnly()" classname="pl.edu.pbs.zwinnebackend.ProjektServiceTest" time="0.019"/>
  <system-out><![CDATA[]]></system-out>
  <system-err><![CDATA[]]></system-err>
</testsuite>
